# JRE version: OpenJDK Runtime Environment (21.0.6) (build 21.0.6+-13368085-b895.109)
# Java VM: OpenJDK 64-Bit Server VM (21.0.6+-13368085-b895.109, mixed mode, tiered, compressed oops, compressed class ptrs, g1 gc, windows-amd64)
GC Precious Log:
 CardTable entry size: 512
 Card Set container configuration: InlinePtr #cards 5 size 8 Array Of Cards #cards 12 size 40 Howl #buckets 4 coarsen threshold 1843 Howl Bitmap #cards 512 size 80 coarsen threshold 460 Card regions per heap region 1 cards per card region 2048
 CPUs: 12 total, 12 available
 Memory: 7893M
 Large Page Support: Disabled
 NUMA Support: Disabled
 Compressed Oops: Enabled (32-bit)
 Heap Region Size: 1M
 Heap Min Capacity: 8M
 Heap Initial Capacity: 124M
 Heap Max Capacity: 1974M
 Pre-touch: Disabled
 Parallel Workers: 10
 Concurrent Workers: 3
 Concurrent Refinement Workers: 10
 Periodic GC: Disabled
Heap:
 garbage-first heap   total 166912K, used 46393K [0x0000000084a00000, 0x0000000100000000)
  region size 1024K, 9 young (9216K), 2 survivors (2048K)
 Metaspace       used 52476K, committed 52736K, reserved 1114112K
  class space    used 6041K, committed 6144K, reserved 1048576K
GC Heap History (20 events):
Event: 1.345 GC heap before
{Heap before GC invocations=6 (full 0):
 garbage-first heap   total 32768K, used 25843K [0x0000000084a00000, 0x0000000100000000)
  region size 1024K, 11 young (11264K), 1 survivors (1024K)
 Metaspace       used 33964K, committed 34240K, reserved 1114112K
  class space    used 4105K, committed 4224K, reserved 1048576K
}
Event: 1.347 GC heap after
{Heap after GC invocations=7 (full 0):
 garbage-first heap   total 32768K, used 16684K [0x0000000084a00000, 0x0000000100000000)
  region size 1024K, 2 young (2048K), 2 survivors (2048K)
 Metaspace       used 33964K, committed 34240K, reserved 1114112K
  class space    used 4105K, committed 4224K, reserved 1048576K
}
Event: 1.452 GC heap before
{Heap before GC invocations=8 (full 0):
 garbage-first heap   total 32768K, used 25900K [0x0000000084a00000, 0x0000000100000000)
  region size 1024K, 12 young (12288K), 2 survivors (2048K)
 Metaspace       used 36106K, committed 36352K, reserved 1114112K
  class space    used 4345K, committed 4416K, reserved 1048576K
}
Event: 1.455 GC heap after
{Heap after GC invocations=9 (full 0):
 garbage-first heap   total 41984K, used 16987K [0x0000000084a00000, 0x0000000100000000)
  region size 1024K, 1 young (1024K), 1 survivors (1024K)
 Metaspace       used 36106K, committed 36352K, reserved 1114112K
  class space    used 4345K, committed 4416K, reserved 1048576K
}
Event: 1.637 GC heap before
{Heap before GC invocations=9 (full 0):
 garbage-first heap   total 41984K, used 32347K [0x0000000084a00000, 0x0000000100000000)
  region size 1024K, 17 young (17408K), 1 survivors (1024K)
 Metaspace       used 40600K, committed 40896K, reserved 1114112K
  class space    used 4774K, committed 4928K, reserved 1048576K
}
Event: 1.640 GC heap after
{Heap after GC invocations=10 (full 0):
 garbage-first heap   total 41984K, used 17772K [0x0000000084a00000, 0x0000000100000000)
  region size 1024K, 2 young (2048K), 2 survivors (2048K)
 Metaspace       used 40600K, committed 40896K, reserved 1114112K
  class space    used 4774K, committed 4928K, reserved 1048576K
}
Event: 1.893 GC heap before
{Heap before GC invocations=10 (full 0):
 garbage-first heap   total 41984K, used 33132K [0x0000000084a00000, 0x0000000100000000)
  region size 1024K, 18 young (18432K), 2 survivors (2048K)
 Metaspace       used 44857K, committed 45184K, reserved 1114112K
  class space    used 5208K, committed 5376K, reserved 1048576K
}
Event: 1.896 GC heap after
{Heap after GC invocations=11 (full 0):
 garbage-first heap   total 41984K, used 19330K [0x0000000084a00000, 0x0000000100000000)
  region size 1024K, 3 young (3072K), 3 survivors (3072K)
 Metaspace       used 44857K, committed 45184K, reserved 1114112K
  class space    used 5208K, committed 5376K, reserved 1048576K
}
Event: 2.100 GC heap before
{Heap before GC invocations=11 (full 0):
 garbage-first heap   total 41984K, used 33666K [0x0000000084a00000, 0x0000000100000000)
  region size 1024K, 18 young (18432K), 3 survivors (3072K)
 Metaspace       used 47693K, committed 48000K, reserved 1114112K
  class space    used 5498K, committed 5632K, reserved 1048576K
}
Event: 2.106 GC heap after
{Heap after GC invocations=12 (full 0):
 garbage-first heap   total 41984K, used 21006K [0x0000000084a00000, 0x0000000100000000)
  region size 1024K, 3 young (3072K), 3 survivors (3072K)
 Metaspace       used 47693K, committed 48000K, reserved 1114112K
  class space    used 5498K, committed 5632K, reserved 1048576K
}
Event: 2.106 GC heap before
{Heap before GC invocations=12 (full 0):
 garbage-first heap   total 41984K, used 21006K [0x0000000084a00000, 0x0000000100000000)
  region size 1024K, 4 young (4096K), 3 survivors (3072K)
 Metaspace       used 47693K, committed 48000K, reserved 1114112K
  class space    used 5498K, committed 5632K, reserved 1048576K
}
Event: 2.109 GC heap after
{Heap after GC invocations=13 (full 0):
 garbage-first heap   total 51200K, used 21541K [0x0000000084a00000, 0x0000000100000000)
  region size 1024K, 1 young (1024K), 1 survivors (1024K)
 Metaspace       used 47693K, committed 48000K, reserved 1114112K
  class space    used 5498K, committed 5632K, reserved 1048576K
}
Event: 2.160 GC heap before
{Heap before GC invocations=13 (full 0):
 garbage-first heap   total 51200K, used 43045K [0x0000000084a00000, 0x0000000100000000)
  region size 1024K, 22 young (22528K), 1 survivors (1024K)
 Metaspace       used 47835K, committed 48128K, reserved 1114112K
  class space    used 5498K, committed 5632K, reserved 1048576K
}
Event: 2.167 GC heap after
{Heap after GC invocations=14 (full 0):
 garbage-first heap   total 53248K, used 30644K [0x0000000084a00000, 0x0000000100000000)
  region size 1024K, 3 young (3072K), 3 survivors (3072K)
 Metaspace       used 47835K, committed 48128K, reserved 1114112K
  class space    used 5498K, committed 5632K, reserved 1048576K
}
Event: 2.300 GC heap before
{Heap before GC invocations=14 (full 0):
 garbage-first heap   total 53248K, used 43956K [0x0000000084a00000, 0x0000000100000000)
  region size 1024K, 16 young (16384K), 3 survivors (3072K)
 Metaspace       used 49130K, committed 49408K, reserved 1114112K
  class space    used 5627K, committed 5760K, reserved 1048576K
}
Event: 2.306 GC heap after
{Heap after GC invocations=15 (full 0):
 garbage-first heap   total 53248K, used 33716K [0x0000000084a00000, 0x0000000100000000)
  region size 1024K, 2 young (2048K), 2 survivors (2048K)
 Metaspace       used 49130K, committed 49408K, reserved 1114112K
  class space    used 5627K, committed 5760K, reserved 1048576K
}
Event: 2.410 GC heap before
{Heap before GC invocations=16 (full 0):
 garbage-first heap   total 56320K, used 44980K [0x0000000084a00000, 0x0000000100000000)
  region size 1024K, 13 young (13312K), 2 survivors (2048K)
 Metaspace       used 49213K, committed 49472K, reserved 1114112K
  class space    used 5637K, committed 5760K, reserved 1048576K
}
Event: 2.416 GC heap after
{Heap after GC invocations=17 (full 0):
 garbage-first heap   total 56320K, used 38193K [0x0000000084a00000, 0x0000000100000000)
  region size 1024K, 2 young (2048K), 2 survivors (2048K)
 Metaspace       used 49213K, committed 49472K, reserved 1114112K
  class space    used 5637K, committed 5760K, reserved 1048576K
}
Event: 2.528 GC heap before
{Heap before GC invocations=17 (full 0):
 garbage-first heap   total 56320K, used 46385K [0x0000000084a00000, 0x0000000100000000)
  region size 1024K, 11 young (11264K), 2 survivors (2048K)
 Metaspace       used 49849K, committed 50112K, reserved 1114112K
  class space    used 5690K, committed 5824K, reserved 1048576K
}
Event: 2.534 GC heap after
{Heap after GC invocations=18 (full 0):
 garbage-first heap   total 166912K, used 40249K [0x0000000084a00000, 0x0000000100000000)
  region size 1024K, 2 young (2048K), 2 survivors (2048K)
 Metaspace       used 49849K, committed 50112K, reserved 1114112K
  class space    used 5690K, committed 5824K, reserved 1048576K
}

